[INFO ] 2024-03-26 10:47:08.227 [main] UserTests2 - **********Creating User*************
[INFO ] 2024-03-26 10:47:11.785 [main] UserTests2 - **********User Created*************
[INFO ] 2024-03-26 10:47:11.798 [main] UserTests2 - **********Reading User info*************
[INFO ] 2024-03-26 10:47:12.668 [main] UserTests2 - ************User Info displayed*************
[INFO ] 2024-03-26 10:47:12.677 [main] UserTests2 - **********Updating User*************
[INFO ] 2024-03-26 10:47:13.633 [main] UserTests2 - **********User Updated*************
[INFO ] 2024-03-26 10:47:13.644 [main] UserTests2 - **********Deleting User*************
[INFO ] 2024-03-26 10:47:14.410 [main] UserTests2 - **********User Deleted*************
[INFO ] 2024-03-26 11:54:22.597 [main] UserTests2 - **********Creating User*************
[INFO ] 2024-03-26 11:54:26.026 [main] UserTests2 - **********User Created*************
[INFO ] 2024-03-26 11:54:26.031 [main] UserTests2 - **********Reading Users info*************
[INFO ] 2024-03-26 11:54:26.949 [main] UserTests2 - ************Users Info displayed*************
[INFO ] 2024-03-26 11:54:26.962 [main] UserTests2 - **********Reading User info*************
[INFO ] 2024-03-26 11:54:26.998 [main] UserTests2 - **********Updating User*************
[INFO ] 2024-03-26 11:54:28.196 [main] UserTests2 - **********User Updated*************
[INFO ] 2024-03-26 11:54:28.203 [main] UserTests2 - **********Deleting User*************
[INFO ] 2024-03-26 11:54:29.008 [main] UserTests2 - **********User Deleted*************
[INFO ] 2024-03-26 11:56:06.608 [main] UserTests2 - **********Creating User*************
[INFO ] 2024-03-26 11:56:10.073 [main] UserTests2 - **********User Created*************
[INFO ] 2024-03-26 11:56:10.082 [main] UserTests2 - **********Reading Users info*************
[INFO ] 2024-03-26 11:56:11.016 [main] UserTests2 - ************Users Info displayed*************
[INFO ] 2024-03-26 11:56:11.025 [main] UserTests2 - **********Reading User info*************
[INFO ] 2024-03-26 11:56:11.923 [main] UserTests2 - ************User Info displayed*************
[INFO ] 2024-03-26 11:56:11.930 [main] UserTests2 - **********Updating User*************
[INFO ] 2024-03-26 11:56:12.829 [main] UserTests2 - **********User Updated*************
[INFO ] 2024-03-26 11:56:12.835 [main] UserTests2 - **********Deleting User*************
[INFO ] 2024-03-26 11:56:13.867 [main] UserTests2 - **********User Deleted*************
[INFO ] 2024-03-26 11:56:39.571 [main] UserTests2 - **********Creating User*************
[INFO ] 2024-03-26 11:56:42.878 [main] UserTests2 - **********User Created*************
[INFO ] 2024-03-26 11:56:42.886 [main] UserTests2 - **********Reading User info*************
[INFO ] 2024-03-26 11:56:43.760 [main] UserTests2 - ************User Info displayed*************
[INFO ] 2024-03-26 11:56:43.768 [main] UserTests2 - **********Updating User*************
[INFO ] 2024-03-26 11:56:44.621 [main] UserTests2 - **********User Updated*************
[INFO ] 2024-03-26 11:56:44.628 [main] UserTests2 - **********Deleting User*************
[INFO ] 2024-03-26 11:56:45.612 [main] UserTests2 - **********User Deleted*************
[INFO ] 2024-03-26 16:29:43.597 [main] UserTests2 - **********Creating User*************
[INFO ] 2024-03-26 16:29:46.681 [main] UserTests2 - **********User Created*************
[INFO ] 2024-03-26 16:29:46.692 [main] UserTests2 - **********Reading User info*************
[INFO ] 2024-03-26 16:29:47.713 [main] UserTests2 - ************User Info displayed*************
[INFO ] 2024-03-26 16:29:47.716 [main] UserTests2 - **********Updating User*************
[INFO ] 2024-03-26 16:29:48.801 [main] UserTests2 - **********User Updated*************
[INFO ] 2024-03-26 16:29:48.805 [main] UserTests2 - **********Deleting User*************
[INFO ] 2024-03-26 16:29:49.833 [main] UserTests2 - **********User Deleted*************
[INFO ] 2024-03-26 16:47:35.699 [main] UserTests2 - **********Creating User*************
[INFO ] 2024-03-26 16:47:39.707 [main] UserTests2 - **********User Created*************
[INFO ] 2024-03-26 16:47:39.717 [main] UserTests2 - **********Reading User info*************
[INFO ] 2024-03-26 16:47:40.828 [main] UserTests2 - ************User Info displayed*************
[INFO ] 2024-03-26 16:47:40.837 [main] UserTests2 - **********Updating User*************
[INFO ] 2024-03-26 16:47:41.887 [main] UserTests2 - **********User Updated*************
[INFO ] 2024-03-26 16:47:41.891 [main] UserTests2 - **********Deleting User*************
[INFO ] 2024-03-26 16:47:42.664 [main] UserTests2 - **********User Deleted*************
